<?xml version="1.0" encoding="UTF-8"?>
<testng-results skipped="0" failed="0" total="1" passed="1">
  <reporter-output>
  </reporter-output>
  <suite name="Default suite" duration-ms="8852" started-at="2022-04-13T11:02:47Z" finished-at="2022-04-13T11:02:55Z">
    <groups>
    </groups>
    <test name="Default test" duration-ms="8852" started-at="2022-04-13T11:02:47Z" finished-at="2022-04-13T11:02:55Z">
      <class name="SSinSelenium.screenshot">
        <test-method status="PASS" signature="ScreenshotsDemo()[pri:0, instance:SSinSelenium.screenshot@7a5d012c]" name="ScreenshotsDemo" duration-ms="8835" started-at="2022-04-13T16:32:47Z" finished-at="2022-04-13T16:32:55Z">
          <reporter-output>
          </reporter-output>
        </test-method> <!-- ScreenshotsDemo -->
      </class> <!-- SSinSelenium.screenshot -->
    </test> <!-- Default test -->
  </suite> <!-- Default suite -->
</testng-results>
